Removed Member From Class: ClassName=Push_Pull_Drivers Member=R84
Removed Member From Class: ClassName=Push_Pull_Drivers Member=R85
Removed Member From Class: ClassName=Op_Amp_Sig_Process_Off-Board_Connector_Etc Member=R110
Removed Member From Class: ClassName=Op_Amp_Sig_Process_Off-Board_Connector_Etc Member=R117
Removed Member From Class: ClassName=Push_Pull_Drivers Member=TP21
Removed Member From Class: ClassName=Op_Amp_Sig_Process_Off-Board_Connector_Etc Member=TP29
Change Component Footprint: Designator=C35 Old Footprint=CAPC0603(1608)100_L New Footprint=CAPC0603(1608)100_M
Change Component Footprint: Designator=C37 Old Footprint=CAPC0603(1608)100_L New Footprint=CAPC0603(1608)100_M
Change Component Footprint: Designator=C39 Old Footprint=CAPC0603(1608)100_L New Footprint=CAPC0603(1608)100_M
Change Component Footprint: Designator=C41 Old Footprint=CAPC0603(1608)100_L New Footprint=CAPC0603(1608)100_M
Change Component Footprint: Designator=C36 Old Footprint=CAPC0603(1608)100_N New Footprint=CAPC0603(1608)100_M
Change Component Footprint: Designator=C38 Old Footprint=CAPC0603(1608)100_N New Footprint=CAPC0603(1608)100_M
Change Component Footprint: Designator=C40 Old Footprint=CAPC0603(1608)100_N New Footprint=CAPC0603(1608)100_M
Change Component Footprint: Designator=C42 Old Footprint=CAPC0603(1608)100_N New Footprint=CAPC0603(1608)100_M
Change Component Footprint: Designator=R16 Old Footprint=RESC0603(1608)_L New Footprint=RESC0603(1608)_M
Change Component Footprint: Designator=R17 Old Footprint=RESC0603(1608)_L New Footprint=RESC0603(1608)_M
Change Component Footprint: Designator=R26 Old Footprint=RESC0603(1608)_L New Footprint=RESC0603(1608)_M
Change Component Footprint: Designator=R27 Old Footprint=RESC0603(1608)_L New Footprint=RESC0603(1608)_M
Change Component Footprint: Designator=R32 Old Footprint=RESC0603(1608)_L New Footprint=RESC0603(1608)_M
Change Component Footprint: Designator=R33 Old Footprint=RESC0603(1608)_L New Footprint=RESC0603(1608)_M
Change Component Footprint: Designator=R42 Old Footprint=RESC0603(1608)_L New Footprint=RESC0603(1608)_M
Change Component Footprint: Designator=R43 Old Footprint=RESC0603(1608)_L New Footprint=RESC0603(1608)_M
Change Component Footprint: Designator=R18 Old Footprint=RESC0603(1608)_N New Footprint=RESC0603(1608)_M
Change Component Footprint: Designator=R19 Old Footprint=RESC0603(1608)_N New Footprint=RESC0603(1608)_M
Change Component Footprint: Designator=R20 Old Footprint=RESC0603(1608)_N New Footprint=RESC0603(1608)_M
Change Component Footprint: Designator=R21 Old Footprint=RESC0603(1608)_N New Footprint=RESC0603(1608)_M
Change Component Footprint: Designator=R24 Old Footprint=RESC0603(1608)_N New Footprint=RESC0603(1608)_M
Change Component Footprint: Designator=R25 Old Footprint=RESC0603(1608)_N New Footprint=RESC0603(1608)_M
Change Component Footprint: Designator=R28 Old Footprint=RESC0603(1608)_N New Footprint=RESC0603(1608)_M
Change Component Footprint: Designator=R29 Old Footprint=RESC0603(1608)_N New Footprint=RESC0603(1608)_M
Change Component Footprint: Designator=R34 Old Footprint=RESC0603(1608)_N New Footprint=RESC0603(1608)_M
Change Component Footprint: Designator=R35 Old Footprint=RESC0603(1608)_N New Footprint=RESC0603(1608)_M
Change Component Footprint: Designator=R36 Old Footprint=RESC0603(1608)_N New Footprint=RESC0603(1608)_M
Change Component Footprint: Designator=R37 Old Footprint=RESC0603(1608)_N New Footprint=RESC0603(1608)_M
Change Component Footprint: Designator=R40 Old Footprint=RESC0603(1608)_N New Footprint=RESC0603(1608)_M
Change Component Footprint: Designator=R41 Old Footprint=RESC0603(1608)_N New Footprint=RESC0603(1608)_M
Change Component Footprint: Designator=R44 Old Footprint=RESC0603(1608)_N New Footprint=RESC0603(1608)_M
Change Component Footprint: Designator=R45 Old Footprint=RESC0603(1608)_N New Footprint=RESC0603(1608)_M
Change Component Footprint: Designator=R86 Old Footprint=RESC0603(1608)_N New Footprint=RESC0603(1608)_M
Change Component Footprint: Designator=R87 Old Footprint=RESC0603(1608)_N New Footprint=RESC0603(1608)_M
Change Component Footprint: Designator=R90 Old Footprint=RESC0603(1608)_N New Footprint=RESC0603(1608)_M
Change Component Footprint: Designator=R91 Old Footprint=RESC0603(1608)_N New Footprint=RESC0603(1608)_M
Change Component Footprint: Designator=R98 Old Footprint=RESC0603(1608)_N New Footprint=RESC0603(1608)_M
Change Component Footprint: Designator=R99 Old Footprint=RESC0603(1608)_N New Footprint=RESC0603(1608)_M
Change Component Footprint: Designator=R100 Old Footprint=RESC0603(1608)_N New Footprint=RESC0603(1608)_M
Change Component Footprint: Designator=R101 Old Footprint=RESC0603(1608)_N New Footprint=RESC0603(1608)_M
Change Component Footprint: Designator=R102 Old Footprint=RESC0603(1608)_N New Footprint=RESC0603(1608)_M
Change Component Footprint: Designator=R103 Old Footprint=RESC0603(1608)_N New Footprint=RESC0603(1608)_M
Change Component Footprint: Designator=R106 Old Footprint=RESC0603(1608)_N New Footprint=RESC0603(1608)_M
Change Component Footprint: Designator=R107 Old Footprint=RESC0603(1608)_N New Footprint=RESC0603(1608)_M
Change Component Footprint: Designator=R114 Old Footprint=RESC0603(1608)_N New Footprint=RESC0603(1608)_M
Change Component Footprint: Designator=R115 Old Footprint=RESC0603(1608)_N New Footprint=RESC0603(1608)_M
Change Component Footprint: Designator=R116 Old Footprint=RESC0603(1608)_N New Footprint=RESC0603(1608)_M
Change Component Footprint: Designator=R117 Old Footprint=RESC0603(1608)_N New Footprint=RESC0603(1608)_M
Added Member To Class: ClassName=Low_Side_Drivers Member=Component R22 4R99
Added Member To Class: ClassName=Low_Side_Drivers Member=Component R23 4R99
Added Member To Class: ClassName=Low_Side_Drivers Member=Component R24 100K
Added Member To Class: ClassName=Low_Side_Drivers Member=Component R25 100K
Added Member To Class: ClassName=Low_Side_Drivers Member=Component R42 220R
Added Member To Class: ClassName=Low_Side_Drivers Member=Component R43 220R
Added Member To Class: ClassName=Low_Side_Drivers Member=Component R44 10K
Added Member To Class: ClassName=Low_Side_Drivers Member=Component R45 10K
Added Member To Class: ClassName=Push_Pull_Drivers Member=Component R92 4R99
Added Member To Class: ClassName=Push_Pull_Drivers Member=Component R93 4R99
Added Member To Class: ClassName=Push_Pull_Drivers Member=Component R100 100K
Added Member To Class: ClassName=Push_Pull_Drivers Member=Component R101 100K
Added Member To Class: ClassName=Push_Pull_Drivers Member=Component R106 100K
Added Member To Class: ClassName=Push_Pull_Drivers Member=Component R107 100K
Added Member To Class: ClassName=Op_Amp_Sig_Process_Off-Board_Connector_Etc Member=Component R120 10K
Added Member To Class: ClassName=Op_Amp_Sig_Process_Off-Board_Connector_Etc Member=Component R121 3K9
Added Member To Class: ClassName=Op_Amp_Sig_Process_Off-Board_Connector_Etc Member=Component R124 10K
Added Member To Class: ClassName=Op_Amp_Sig_Process_Off-Board_Connector_Etc Member=Component R126 10K
Added Member To Class: ClassName=Op_Amp_Sig_Process_Off-Board_Connector_Etc Member=Component R127 2M
Added Member To Class: ClassName=Op_Amp_Sig_Process_Off-Board_Connector_Etc Member=Component R133 4K3
Added Member To Class: ClassName=Push_Pull_Drivers Member=Component TP22 5001
Added Member To Class: ClassName=Op_Amp_Sig_Process_Off-Board_Connector_Etc Member=Component TP30 5001
