Removed Pin From Net: NetName=3V3 Pin=J1-4
Removed Pin From Net: NetName=GND Pin=J1-6
Removed Pin From Net: NetName=GND Pin=J1-DT
Removed Pin From Net: NetName=GND Pin=J1-P1
Removed Pin From Net: NetName=GND Pin=J1-P2
Removed Pin From Net: NetName=GND Pin=J1-P3
Removed Pin From Net: NetName=GND Pin=J1-P4
Removed Pin From Net: NetName=GND Pin=J1-P5
Removed Member From Class: ClassName=Power_Communications_MCU Member=J1
Added Component: Designator=J?(*MOLEX_503182-1852_503182-1852(Primary))
Add component. Clean all parameters for all variants
Add component (AddParameter): Name = "Digi-Key_Part_Number"; Value = "WM12834CT-ND"; VariantName = "[No Variations]"
Add component (AddParameter): Name = "Digi-Key_Purchase_URL"; Value = "https://www.digikey.com/product-detail/en/molex/5031821852/WM12834CT-ND/5823232?utm_source=snapeda&utm_medium=aggregator&utm_campaign=symbol"; VariantName = "[No Variations]"
Add component (AddParameter): Name = "MF"; Value = "Molex"; VariantName = "[No Variations]"
Add component (AddParameter): Name = "MP"; Value = "5031821852"; VariantName = "[No Variations]"
Add component (AddParameter): Name = "Package"; Value = "None"; VariantName = "[No Variations]"
Add component (AddParameter): Name = "SnapEDA_Link"; Value = "https://www.snapeda.com/parts/5031821852/Molex/view-part/46835/?ref=snap"; VariantName = "[No Variations]"
Add component (AddParameter): Name = "Value"; Value = ""; VariantName = "[No Variations]"
Added Pin To Net: NetName=3V3 Pin=J?-4
Added Pin To Net: NetName=GND Pin=J?-6
Added Pin To Net: NetName=GND Pin=J?-DT
Added Pin To Net: NetName=GND Pin=J?-P1
Added Pin To Net: NetName=GND Pin=J?-P2
Added Pin To Net: NetName=GND Pin=J?-P3
Added Pin To Net: NetName=GND Pin=J?-P4
Added Pin To Net: NetName=GND Pin=J?-P5
Added Pin To Net: NetName=NetJ?_2 Pin=J?-2
Added Pin To Net: NetName=NetJ?_2 Pin=R5-1
Added Pin To Net: NetName=NetJ?_2 Pin=U1-26
Added Net: Name=NetJ?_2
Added Pin To Net: NetName=NetJ?_3 Pin=J?-3
Added Pin To Net: NetName=NetJ?_3 Pin=R6-1
Added Pin To Net: NetName=NetJ?_3 Pin=U1-29
Added Net: Name=NetJ?_3
Added Pin To Net: NetName=NetJ?_5 Pin=J?-5
Added Pin To Net: NetName=NetJ?_5 Pin=U1-27
Added Net: Name=NetJ?_5
Added Pin To Net: NetName=NetJ?_7 Pin=J?-7
Added Pin To Net: NetName=NetJ?_7 Pin=R7-1
Added Pin To Net: NetName=NetJ?_7 Pin=U1-28
Added Net: Name=NetJ?_7
Added Pin To Net: NetName=NetJ?_SW Pin=J?-SW
Added Pin To Net: NetName=NetJ?_SW Pin=U1-30
Added Net: Name=NetJ?_SW
Added Member To Class: ClassName=Power_Communications_MCU Member=Component J? 503182-1852
