Change Component Designator: Old Designator=C? New Designator=C25
Change Component Designator: Old Designator=C? New Designator=C26
Change Component Designator: Old Designator=C? New Designator=C27
Change Component Designator: Old Designator=C? New Designator=C28
Change Component Designator: Old Designator=C? New Designator=C29
Change Component Designator: Old Designator=C? New Designator=C30
Change Component Designator: Old Designator=C? New Designator=C31
Change Component Designator: Old Designator=C? New Designator=C32
Change Component Designator: Old Designator=C? New Designator=C33
Change Component Designator: Old Designator=C? New Designator=C34
Change Component Designator: Old Designator=D? New Designator=D20
Change Component Designator: Old Designator=D? New Designator=D21
Change Component Designator: Old Designator=D? New Designator=D22
Change Component Designator: Old Designator=D? New Designator=D23
Change Component Designator: Old Designator=D? New Designator=D24
Change Component Designator: Old Designator=D? New Designator=D25
Change Component Designator: Old Designator=D? New Designator=D26
Change Component Designator: Old Designator=D? New Designator=D27
Change Component Designator: Old Designator=R? New Designator=R51
Change Component Designator: Old Designator=R? New Designator=R52
Change Component Designator: Old Designator=R? New Designator=R53
Change Component Designator: Old Designator=R? New Designator=R54
Change Component Designator: Old Designator=R? New Designator=R55
Change Component Designator: Old Designator=R? New Designator=R56
Change Component Designator: Old Designator=R? New Designator=R57
Change Component Designator: Old Designator=R? New Designator=R58
Change Component Designator: Old Designator=R? New Designator=R59
Change Component Designator: Old Designator=R? New Designator=R60
Change Component Designator: Old Designator=R? New Designator=R61
Change Component Designator: Old Designator=R? New Designator=R62
Change Component Designator: Old Designator=R? New Designator=R63
Change Component Designator: Old Designator=R? New Designator=R64
Change Component Designator: Old Designator=R? New Designator=R65
Change Component Designator: Old Designator=R? New Designator=R66
Change Component Designator: Old Designator=R? New Designator=R67
Change Component Designator: Old Designator=R? New Designator=R68
Change Component Designator: Old Designator=R? New Designator=R69
Change Component Designator: Old Designator=R? New Designator=R70
Change Component Designator: Old Designator=R? New Designator=R71
Change Component Designator: Old Designator=R? New Designator=R72
Change Component Designator: Old Designator=R? New Designator=R73
Change Component Designator: Old Designator=R? New Designator=R74
Change Component Designator: Old Designator=R? New Designator=R75
Change Component Designator: Old Designator=R? New Designator=R76
Change Component Designator: Old Designator=R? New Designator=R77
Change Component Designator: Old Designator=R? New Designator=R78
Change Component Designator: Old Designator=R? New Designator=R79
Change Component Designator: Old Designator=R? New Designator=R80
Change Component Designator: Old Designator=R? New Designator=R81
Change Component Designator: Old Designator=R? New Designator=R82
Change Component Designator: Old Designator=R? New Designator=R83
Change Component Designator: Old Designator=R? New Designator=R84
Change Component Designator: Old Designator=R? New Designator=R85
Change Component Designator: Old Designator=R? New Designator=R86
Change Component Designator: Old Designator=R? New Designator=R87
Change Component Designator: Old Designator=R? New Designator=R88
Change Component Designator: Old Designator=R? New Designator=R89
Change Component Designator: Old Designator=R? New Designator=R90
Change Component Designator: Old Designator=TP? New Designator=TP23
Change Component Designator: Old Designator=TP? New Designator=TP24
Change Component Designator: Old Designator=TP? New Designator=TP25
Change Component Designator: Old Designator=TP? New Designator=TP26
Change Component Designator: Old Designator=TP? New Designator=TP27
Change Component Designator: Old Designator=TP? New Designator=TP28
Change Component Designator: Old Designator=TP? New Designator=TP29
Change Component Designator: Old Designator=TP? New Designator=TP30
Change Component Designator: Old Designator=TP? New Designator=TP31
Change Component Designator: Old Designator=TP? New Designator=TP32
Change Component Designator: Old Designator=TP? New Designator=TP33
Change Component Designator: Old Designator=TP? New Designator=TP34
Change Component Designator: Old Designator=TP? New Designator=TP35
Change Component Designator: Old Designator=TP? New Designator=TP36
Change Component Designator: Old Designator=TP? New Designator=TP37
Change Component Designator: Old Designator=TP? New Designator=TP38
Change Component Designator: Old Designator=U? New Designator=U9
Change Component Designator: Old Designator=U? New Designator=U10
Change Component Designator: Old Designator=U? New Designator=U9
Change Component Designator: Old Designator=U? New Designator=U10
Change Component Designator: Old Designator=U? New Designator=U9
Change Component Designator: Old Designator=U? New Designator=U10
Change Component Designator: Old Designator=U? New Designator=U9
Change Component Designator: Old Designator=U? New Designator=U10
Change Component Designator: Old Designator=U? New Designator=U9
Change Component Designator: Old Designator=U? New Designator=U10
