Change Component Designator: Old Designator=C? New Designator=C43
Change Component Designator: Old Designator=C? New Designator=C44
Change Component Designator: Old Designator=C? New Designator=C45
Change Component Designator: Old Designator=C? New Designator=C46
Change Component Designator: Old Designator=C? New Designator=C47
Change Component Designator: Old Designator=C? New Designator=C48
Change Component Designator: Old Designator=C? New Designator=C49
Change Component Designator: Old Designator=C? New Designator=C50
Change Component Designator: Old Designator=C? New Designator=C51
Change Component Designator: Old Designator=C? New Designator=C52
Change Component Designator: Old Designator=D? New Designator=D36
Change Component Designator: Old Designator=D? New Designator=D37
Change Component Designator: Old Designator=D? New Designator=D38
Change Component Designator: Old Designator=D? New Designator=D39
Change Component Designator: Old Designator=D? New Designator=D40
Change Component Designator: Old Designator=D? New Designator=D41
Change Component Designator: Old Designator=J? New Designator=J2
Change Component Designator: Old Designator=R? New Designator=R131
Change Component Designator: Old Designator=R? New Designator=R132
Change Component Designator: Old Designator=R? New Designator=R133
Change Component Designator: Old Designator=R? New Designator=R134
Change Component Designator: Old Designator=R? New Designator=R135
Change Component Designator: Old Designator=R? New Designator=R136
Change Component Designator: Old Designator=R? New Designator=R137
Change Component Designator: Old Designator=R? New Designator=R138
Change Component Designator: Old Designator=R? New Designator=R139
Change Component Designator: Old Designator=R? New Designator=R140
Change Component Designator: Old Designator=R? New Designator=R141
Change Component Designator: Old Designator=R? New Designator=R142
Change Component Designator: Old Designator=R? New Designator=R143
Change Component Designator: Old Designator=R? New Designator=R144
Change Component Designator: Old Designator=R? New Designator=R145
Change Component Designator: Old Designator=R? New Designator=R146
Change Component Designator: Old Designator=R? New Designator=R147
Change Component Designator: Old Designator=R? New Designator=R148
Change Component Designator: Old Designator=R? New Designator=R149
Change Component Designator: Old Designator=R? New Designator=R150
Change Component Designator: Old Designator=R? New Designator=R151
Change Component Designator: Old Designator=R? New Designator=R152
Change Component Designator: Old Designator=R? New Designator=R153
Change Component Designator: Old Designator=R? New Designator=R154
Change Component Designator: Old Designator=R? New Designator=R155
Change Component Designator: Old Designator=R? New Designator=R156
Change Component Designator: Old Designator=R? New Designator=R157
Change Component Designator: Old Designator=R? New Designator=R158
Change Component Designator: Old Designator=R? New Designator=R159
Change Component Designator: Old Designator=R? New Designator=R160
Change Component Designator: Old Designator=TP? New Designator=TP55
Change Component Designator: Old Designator=TP? New Designator=TP56
Change Component Designator: Old Designator=TP? New Designator=TP57
Change Component Designator: Old Designator=TP? New Designator=TP58
Change Component Designator: Old Designator=TP? New Designator=TP59
Change Component Designator: Old Designator=TP? New Designator=TP60
Change Component Designator: Old Designator=TP? New Designator=TP61
Change Component Designator: Old Designator=TP? New Designator=TP62
Change Component Designator: Old Designator=TP? New Designator=TP63
Change Component Designator: Old Designator=TP? New Designator=TP64
Change Component Designator: Old Designator=TP? New Designator=TP65
Change Component Designator: Old Designator=TP? New Designator=TP66
Change Component Designator: Old Designator=TP? New Designator=TP67
Change Component Designator: Old Designator=TP? New Designator=TP68
Change Component Designator: Old Designator=TP? New Designator=TP69
Change Component Designator: Old Designator=TP? New Designator=TP70
Change Component Designator: Old Designator=TP? New Designator=TP71
Change Component Designator: Old Designator=TP? New Designator=TP72
Change Component Designator: Old Designator=U? New Designator=U16
Change Component Designator: Old Designator=U? New Designator=U16
Change Component Designator: Old Designator=U? New Designator=U16
Change Component Designator: Old Designator=U? New Designator=U16
Change Component Designator: Old Designator=U? New Designator=U16
Change Component Designator: Old Designator=U? New Designator=U15
Change Component Designator: Old Designator=U? New Designator=U17
