Replace Part D3 LTST-C194KRKT in R:\SeniorProjects\SP2020\DavidTo\Hardware Portfolio\ECU\Low_Side_Drivers.SchDoc with LTST-C194KRKT from ECU.SchLib
Replace Part D4 NXP-D-A1K3-3 in R:\SeniorProjects\SP2020\DavidTo\Hardware Portfolio\ECU\Low_Side_Drivers.SchDoc with NXP-D-A1K3-3 from Altium Content Vault
Replace Part D5 LTST-C194KRKT in R:\SeniorProjects\SP2020\DavidTo\Hardware Portfolio\ECU\Low_Side_Drivers.SchDoc with LTST-C194KRKT from ECU.SchLib
Replace Part D6 NXP-D-A1K3-3 in R:\SeniorProjects\SP2020\DavidTo\Hardware Portfolio\ECU\Low_Side_Drivers.SchDoc with NXP-D-A1K3-3 from Altium Content Vault
Replace Part D7 LTST-C194KRKT in R:\SeniorProjects\SP2020\DavidTo\Hardware Portfolio\ECU\Low_Side_Drivers.SchDoc with LTST-C194KRKT from ECU.SchLib
Replace Part D8 LTST-C194KRKT in R:\SeniorProjects\SP2020\DavidTo\Hardware Portfolio\ECU\Low_Side_Drivers.SchDoc with LTST-C194KRKT from ECU.SchLib
Replace Part D9 NXP-D-A1K3-3 in R:\SeniorProjects\SP2020\DavidTo\Hardware Portfolio\ECU\Low_Side_Drivers.SchDoc with NXP-D-A1K3-3 from Altium Content Vault
Replace Part D10 NXP-D-A1K3-3 in R:\SeniorProjects\SP2020\DavidTo\Hardware Portfolio\ECU\Low_Side_Drivers.SchDoc with NXP-D-A1K3-3 from Altium Content Vault
Replace Part D11 LTST-C194KRKT in R:\SeniorProjects\SP2020\DavidTo\Hardware Portfolio\ECU\Low_Side_Drivers.SchDoc with LTST-C194KRKT from ECU.SchLib
Replace Part D12 NXP-D-A1K3-3 in R:\SeniorProjects\SP2020\DavidTo\Hardware Portfolio\ECU\Low_Side_Drivers.SchDoc with NXP-D-A1K3-3 from Altium Content Vault
Replace Part D13 LTST-C194KRKT in R:\SeniorProjects\SP2020\DavidTo\Hardware Portfolio\ECU\Low_Side_Drivers.SchDoc with LTST-C194KRKT from ECU.SchLib
Replace Part D14 NXP-D-A1K3-3 in R:\SeniorProjects\SP2020\DavidTo\Hardware Portfolio\ECU\Low_Side_Drivers.SchDoc with NXP-D-A1K3-3 from Altium Content Vault
Replace Part D15 LTST-C194KRKT in R:\SeniorProjects\SP2020\DavidTo\Hardware Portfolio\ECU\Low_Side_Drivers.SchDoc with LTST-C194KRKT from ECU.SchLib
Replace Part D16 LTST-C194KRKT in R:\SeniorProjects\SP2020\DavidTo\Hardware Portfolio\ECU\Low_Side_Drivers.SchDoc with LTST-C194KRKT from ECU.SchLib
Replace Part D17 NXP-D-A1K3-3 in R:\SeniorProjects\SP2020\DavidTo\Hardware Portfolio\ECU\Low_Side_Drivers.SchDoc with NXP-D-A1K3-3 from Altium Content Vault
Replace Part D18 NXP-D-A1K3-3 in R:\SeniorProjects\SP2020\DavidTo\Hardware Portfolio\ECU\Low_Side_Drivers.SchDoc with NXP-D-A1K3-3 from Altium Content Vault
Replace Part Q1 VND14NV04 in R:\SeniorProjects\SP2020\DavidTo\Hardware Portfolio\ECU\Low_Side_Drivers.SchDoc with VND14NV04 from ECU.SchLib
Replace Part Q2 VND14NV04 in R:\SeniorProjects\SP2020\DavidTo\Hardware Portfolio\ECU\Low_Side_Drivers.SchDoc with VND14NV04 from ECU.SchLib
Replace Part Q3 VND14NV04 in R:\SeniorProjects\SP2020\DavidTo\Hardware Portfolio\ECU\Low_Side_Drivers.SchDoc with VND14NV04 from ECU.SchLib
Replace Part Q4 VND14NV04 in R:\SeniorProjects\SP2020\DavidTo\Hardware Portfolio\ECU\Low_Side_Drivers.SchDoc with VND14NV04 from ECU.SchLib
Replace Part Q5 VND14NV04 in R:\SeniorProjects\SP2020\DavidTo\Hardware Portfolio\ECU\Low_Side_Drivers.SchDoc with VND14NV04 from ECU.SchLib
Replace Part Q6 VND14NV04 in R:\SeniorProjects\SP2020\DavidTo\Hardware Portfolio\ECU\Low_Side_Drivers.SchDoc with VND14NV04 from ECU.SchLib
Replace Part Q7 VND14NV04 in R:\SeniorProjects\SP2020\DavidTo\Hardware Portfolio\ECU\Low_Side_Drivers.SchDoc with VND14NV04 from ECU.SchLib
Replace Part Q8 VND14NV04 in R:\SeniorProjects\SP2020\DavidTo\Hardware Portfolio\ECU\Low_Side_Drivers.SchDoc with VND14NV04 from ECU.SchLib
Replace Part R14 RES in R:\SeniorProjects\SP2020\DavidTo\Hardware Portfolio\ECU\Low_Side_Drivers.SchDoc with RES from Altium Content Vault
Replace Part R15 RES in R:\SeniorProjects\SP2020\DavidTo\Hardware Portfolio\ECU\Low_Side_Drivers.SchDoc with RES from Altium Content Vault
Replace Part R16 RES in R:\SeniorProjects\SP2020\DavidTo\Hardware Portfolio\ECU\Low_Side_Drivers.SchDoc with RES from Altium Content Vault
Replace Part R17 RES in R:\SeniorProjects\SP2020\DavidTo\Hardware Portfolio\ECU\Low_Side_Drivers.SchDoc with RES from Altium Content Vault
Replace Part R18 RES in R:\SeniorProjects\SP2020\DavidTo\Hardware Portfolio\ECU\Low_Side_Drivers.SchDoc with RES from Altium Content Vault
Replace Part R19 RES in R:\SeniorProjects\SP2020\DavidTo\Hardware Portfolio\ECU\Low_Side_Drivers.SchDoc with RES from Altium Content Vault
Replace Part R20 RES in R:\SeniorProjects\SP2020\DavidTo\Hardware Portfolio\ECU\Low_Side_Drivers.SchDoc with RES from Altium Content Vault
Replace Part R21 RES in R:\SeniorProjects\SP2020\DavidTo\Hardware Portfolio\ECU\Low_Side_Drivers.SchDoc with RES from Altium Content Vault
Replace Part R22 RES in R:\SeniorProjects\SP2020\DavidTo\Hardware Portfolio\ECU\Low_Side_Drivers.SchDoc with RES from Altium Content Vault
Replace Part R23 RES in R:\SeniorProjects\SP2020\DavidTo\Hardware Portfolio\ECU\Low_Side_Drivers.SchDoc with RES from Altium Content Vault
Replace Part R24 RES in R:\SeniorProjects\SP2020\DavidTo\Hardware Portfolio\ECU\Low_Side_Drivers.SchDoc with RES from Altium Content Vault
Replace Part R25 RES in R:\SeniorProjects\SP2020\DavidTo\Hardware Portfolio\ECU\Low_Side_Drivers.SchDoc with RES from Altium Content Vault
Replace Part R26 RES in R:\SeniorProjects\SP2020\DavidTo\Hardware Portfolio\ECU\Low_Side_Drivers.SchDoc with RES from Altium Content Vault
Replace Part R27 RES in R:\SeniorProjects\SP2020\DavidTo\Hardware Portfolio\ECU\Low_Side_Drivers.SchDoc with RES from Altium Content Vault
Replace Part R28 RES in R:\SeniorProjects\SP2020\DavidTo\Hardware Portfolio\ECU\Low_Side_Drivers.SchDoc with RES from Altium Content Vault
Replace Part R29 RES in R:\SeniorProjects\SP2020\DavidTo\Hardware Portfolio\ECU\Low_Side_Drivers.SchDoc with RES from Altium Content Vault
Replace Part R30 RES in R:\SeniorProjects\SP2020\DavidTo\Hardware Portfolio\ECU\Low_Side_Drivers.SchDoc with RES from Altium Content Vault
Replace Part R31 RES in R:\SeniorProjects\SP2020\DavidTo\Hardware Portfolio\ECU\Low_Side_Drivers.SchDoc with RES from Altium Content Vault
Replace Part R32 RES in R:\SeniorProjects\SP2020\DavidTo\Hardware Portfolio\ECU\Low_Side_Drivers.SchDoc with RES from Altium Content Vault
Replace Part R33 RES in R:\SeniorProjects\SP2020\DavidTo\Hardware Portfolio\ECU\Low_Side_Drivers.SchDoc with RES from Altium Content Vault
Replace Part R34 RES in R:\SeniorProjects\SP2020\DavidTo\Hardware Portfolio\ECU\Low_Side_Drivers.SchDoc with RES from Altium Content Vault
Replace Part R35 RES in R:\SeniorProjects\SP2020\DavidTo\Hardware Portfolio\ECU\Low_Side_Drivers.SchDoc with RES from Altium Content Vault
Replace Part R36 RES in R:\SeniorProjects\SP2020\DavidTo\Hardware Portfolio\ECU\Low_Side_Drivers.SchDoc with RES from Altium Content Vault
Replace Part R37 RES in R:\SeniorProjects\SP2020\DavidTo\Hardware Portfolio\ECU\Low_Side_Drivers.SchDoc with RES from Altium Content Vault
Replace Part R38 RES in R:\SeniorProjects\SP2020\DavidTo\Hardware Portfolio\ECU\Low_Side_Drivers.SchDoc with RES from Altium Content Vault
Replace Part R39 RES in R:\SeniorProjects\SP2020\DavidTo\Hardware Portfolio\ECU\Low_Side_Drivers.SchDoc with RES from Altium Content Vault
Replace Part R40 RES in R:\SeniorProjects\SP2020\DavidTo\Hardware Portfolio\ECU\Low_Side_Drivers.SchDoc with RES from Altium Content Vault
Replace Part R41 RES in R:\SeniorProjects\SP2020\DavidTo\Hardware Portfolio\ECU\Low_Side_Drivers.SchDoc with RES from Altium Content Vault
Replace Part R42 RES in R:\SeniorProjects\SP2020\DavidTo\Hardware Portfolio\ECU\Low_Side_Drivers.SchDoc with RES from Altium Content Vault
Replace Part R43 RES in R:\SeniorProjects\SP2020\DavidTo\Hardware Portfolio\ECU\Low_Side_Drivers.SchDoc with RES from Altium Content Vault
Replace Part R44 RES in R:\SeniorProjects\SP2020\DavidTo\Hardware Portfolio\ECU\Low_Side_Drivers.SchDoc with RES from Altium Content Vault
Replace Part R45 RES in R:\SeniorProjects\SP2020\DavidTo\Hardware Portfolio\ECU\Low_Side_Drivers.SchDoc with RES from Altium Content Vault
Replace Part R46 RES in R:\SeniorProjects\SP2020\DavidTo\Hardware Portfolio\ECU\Low_Side_Drivers.SchDoc with RES from Altium Content Vault
Replace Part R47 RES in R:\SeniorProjects\SP2020\DavidTo\Hardware Portfolio\ECU\Low_Side_Drivers.SchDoc with RES from Altium Content Vault
Replace Part R48 RES in R:\SeniorProjects\SP2020\DavidTo\Hardware Portfolio\ECU\Low_Side_Drivers.SchDoc with RES from Altium Content Vault
Replace Part R49 RES in R:\SeniorProjects\SP2020\DavidTo\Hardware Portfolio\ECU\Low_Side_Drivers.SchDoc with RES from Altium Content Vault
Replace Part R50 RES in R:\SeniorProjects\SP2020\DavidTo\Hardware Portfolio\ECU\Low_Side_Drivers.SchDoc with RES from Altium Content Vault
Replace Part R51 RES in R:\SeniorProjects\SP2020\DavidTo\Hardware Portfolio\ECU\Low_Side_Drivers.SchDoc with RES from Altium Content Vault
Replace Part R52 RES in R:\SeniorProjects\SP2020\DavidTo\Hardware Portfolio\ECU\Low_Side_Drivers.SchDoc with RES from Altium Content Vault
Replace Part R53 RES in R:\SeniorProjects\SP2020\DavidTo\Hardware Portfolio\ECU\Low_Side_Drivers.SchDoc with RES from Altium Content Vault
Replace Part TP7 TEST POINT in R:\SeniorProjects\SP2020\DavidTo\Hardware Portfolio\ECU\Low_Side_Drivers.SchDoc with TEST POINT from WWUEE_SchematicLibrary.SchLib
Replace Part TP8 TEST POINT in R:\SeniorProjects\SP2020\DavidTo\Hardware Portfolio\ECU\Low_Side_Drivers.SchDoc with TEST POINT from WWUEE_SchematicLibrary.SchLib
Replace Part TP9 TEST POINT in R:\SeniorProjects\SP2020\DavidTo\Hardware Portfolio\ECU\Low_Side_Drivers.SchDoc with TEST POINT from WWUEE_SchematicLibrary.SchLib
Replace Part TP10 TEST POINT in R:\SeniorProjects\SP2020\DavidTo\Hardware Portfolio\ECU\Low_Side_Drivers.SchDoc with TEST POINT from WWUEE_SchematicLibrary.SchLib
Replace Part TP11 TEST POINT in R:\SeniorProjects\SP2020\DavidTo\Hardware Portfolio\ECU\Low_Side_Drivers.SchDoc with TEST POINT from WWUEE_SchematicLibrary.SchLib
Replace Part TP12 TEST POINT in R:\SeniorProjects\SP2020\DavidTo\Hardware Portfolio\ECU\Low_Side_Drivers.SchDoc with TEST POINT from WWUEE_SchematicLibrary.SchLib
Replace Part TP13 TEST POINT in R:\SeniorProjects\SP2020\DavidTo\Hardware Portfolio\ECU\Low_Side_Drivers.SchDoc with TEST POINT from WWUEE_SchematicLibrary.SchLib
Replace Part TP14 TEST POINT in R:\SeniorProjects\SP2020\DavidTo\Hardware Portfolio\ECU\Low_Side_Drivers.SchDoc with TEST POINT from WWUEE_SchematicLibrary.SchLib
Replace Part U6 TC4424AVOA713 in R:\SeniorProjects\SP2020\DavidTo\Hardware Portfolio\ECU\Low_Side_Drivers.SchDoc with TC4424AVOA713 from ECU.SchLib
Replace Part U7 TC4424AVOA713 in R:\SeniorProjects\SP2020\DavidTo\Hardware Portfolio\ECU\Low_Side_Drivers.SchDoc with TC4424AVOA713 from ECU.SchLib
Replace Part U8 TC4424AVOA713 in R:\SeniorProjects\SP2020\DavidTo\Hardware Portfolio\ECU\Low_Side_Drivers.SchDoc with TC4424AVOA713 from ECU.SchLib
Replace Part U9 TC4424AVOA713 in R:\SeniorProjects\SP2020\DavidTo\Hardware Portfolio\ECU\Low_Side_Drivers.SchDoc with TC4424AVOA713 from ECU.SchLib
