Replace Part C43 CAP in R:\SeniorProjects\SP2020\DavidTo\Hardware Portfolio\ECU\Op_Amp_Sig_Process_Off-Board_Connector_Etc.SchDoc with CAP from Altium Content Vault
Replace Part C44 CAP in R:\SeniorProjects\SP2020\DavidTo\Hardware Portfolio\ECU\Op_Amp_Sig_Process_Off-Board_Connector_Etc.SchDoc with CAP from Altium Content Vault
Replace Part C45 CAP in R:\SeniorProjects\SP2020\DavidTo\Hardware Portfolio\ECU\Op_Amp_Sig_Process_Off-Board_Connector_Etc.SchDoc with CAP from Altium Content Vault
Replace Part C46 CAP in R:\SeniorProjects\SP2020\DavidTo\Hardware Portfolio\ECU\Op_Amp_Sig_Process_Off-Board_Connector_Etc.SchDoc with CAP from Altium Content Vault
Replace Part C47 CAP in R:\SeniorProjects\SP2020\DavidTo\Hardware Portfolio\ECU\Op_Amp_Sig_Process_Off-Board_Connector_Etc.SchDoc with CAP from Altium Content Vault
Replace Part C48 CAP in R:\SeniorProjects\SP2020\DavidTo\Hardware Portfolio\ECU\Op_Amp_Sig_Process_Off-Board_Connector_Etc.SchDoc with CAP from Altium Content Vault
Replace Part C49 CAP in R:\SeniorProjects\SP2020\DavidTo\Hardware Portfolio\ECU\Op_Amp_Sig_Process_Off-Board_Connector_Etc.SchDoc with CAP from Altium Content Vault
Replace Part C50 CAP in R:\SeniorProjects\SP2020\DavidTo\Hardware Portfolio\ECU\Op_Amp_Sig_Process_Off-Board_Connector_Etc.SchDoc with CAP from Altium Content Vault
Replace Part C51 CAP in R:\SeniorProjects\SP2020\DavidTo\Hardware Portfolio\ECU\Op_Amp_Sig_Process_Off-Board_Connector_Etc.SchDoc with CAP from Altium Content Vault
Replace Part C52 CAP in R:\SeniorProjects\SP2020\DavidTo\Hardware Portfolio\ECU\Op_Amp_Sig_Process_Off-Board_Connector_Etc.SchDoc with CAP from Altium Content Vault
Replace Part C53 CAP in R:\SeniorProjects\SP2020\DavidTo\Hardware Portfolio\ECU\Op_Amp_Sig_Process_Off-Board_Connector_Etc.SchDoc with CAP from Altium Content Vault
Replace Part C54 CAP in R:\SeniorProjects\SP2020\DavidTo\Hardware Portfolio\ECU\Op_Amp_Sig_Process_Off-Board_Connector_Etc.SchDoc with CAP from Altium Content Vault
Replace Part C55 CAP in R:\SeniorProjects\SP2020\DavidTo\Hardware Portfolio\ECU\Op_Amp_Sig_Process_Off-Board_Connector_Etc.SchDoc with CAP from Altium Content Vault
Replace Part C56 CAP in R:\SeniorProjects\SP2020\DavidTo\Hardware Portfolio\ECU\Op_Amp_Sig_Process_Off-Board_Connector_Etc.SchDoc with CAP from Altium Content Vault
Replace Part C57 CAP in R:\SeniorProjects\SP2020\DavidTo\Hardware Portfolio\ECU\Op_Amp_Sig_Process_Off-Board_Connector_Etc.SchDoc with CAP from Altium Content Vault
Replace Part C58 CAP in R:\SeniorProjects\SP2020\DavidTo\Hardware Portfolio\ECU\Op_Amp_Sig_Process_Off-Board_Connector_Etc.SchDoc with CAP from Altium Content Vault
Replace Part D35 ONSC-D-A1K2C3-3 in R:\SeniorProjects\SP2020\DavidTo\Hardware Portfolio\ECU\Op_Amp_Sig_Process_Off-Board_Connector_Etc.SchDoc with ONSC-D-A1K2C3-3 from Altium Content Vault
Replace Part D36 ONSC-D-A1K2C3-3 in R:\SeniorProjects\SP2020\DavidTo\Hardware Portfolio\ECU\Op_Amp_Sig_Process_Off-Board_Connector_Etc.SchDoc with ONSC-D-A1K2C3-3 from Altium Content Vault
Replace Part D37 ONSC-D-A1K2C3-3 in R:\SeniorProjects\SP2020\DavidTo\Hardware Portfolio\ECU\Op_Amp_Sig_Process_Off-Board_Connector_Etc.SchDoc with ONSC-D-A1K2C3-3 from Altium Content Vault
Replace Part D38 ONSC-D-A1K2C3-3 in R:\SeniorProjects\SP2020\DavidTo\Hardware Portfolio\ECU\Op_Amp_Sig_Process_Off-Board_Connector_Etc.SchDoc with ONSC-D-A1K2C3-3 from Altium Content Vault
Replace Part D39 ONSC-D-A1K2C3-3 in R:\SeniorProjects\SP2020\DavidTo\Hardware Portfolio\ECU\Op_Amp_Sig_Process_Off-Board_Connector_Etc.SchDoc with ONSC-D-A1K2C3-3 from Altium Content Vault
Replace Part D40 ONSC-D-A1K2C3-3 in R:\SeniorProjects\SP2020\DavidTo\Hardware Portfolio\ECU\Op_Amp_Sig_Process_Off-Board_Connector_Etc.SchDoc with ONSC-D-A1K2C3-3 from Altium Content Vault
Replace Part J3 174518-6 in R:\SeniorProjects\SP2020\DavidTo\Hardware Portfolio\ECU\Op_Amp_Sig_Process_Off-Board_Connector_Etc.SchDoc with 174518-6 from ECU.SchLib
Replace Part R134 RES in R:\SeniorProjects\SP2020\DavidTo\Hardware Portfolio\ECU\Op_Amp_Sig_Process_Off-Board_Connector_Etc.SchDoc with RES from Altium Content Vault
Replace Part R135 RES in R:\SeniorProjects\SP2020\DavidTo\Hardware Portfolio\ECU\Op_Amp_Sig_Process_Off-Board_Connector_Etc.SchDoc with RES from Altium Content Vault
Replace Part R136 RES in R:\SeniorProjects\SP2020\DavidTo\Hardware Portfolio\ECU\Op_Amp_Sig_Process_Off-Board_Connector_Etc.SchDoc with RES from Altium Content Vault
Replace Part R137 RES in R:\SeniorProjects\SP2020\DavidTo\Hardware Portfolio\ECU\Op_Amp_Sig_Process_Off-Board_Connector_Etc.SchDoc with RES from Altium Content Vault
Replace Part R138 RES in R:\SeniorProjects\SP2020\DavidTo\Hardware Portfolio\ECU\Op_Amp_Sig_Process_Off-Board_Connector_Etc.SchDoc with RES from Altium Content Vault
Replace Part R139 RES in R:\SeniorProjects\SP2020\DavidTo\Hardware Portfolio\ECU\Op_Amp_Sig_Process_Off-Board_Connector_Etc.SchDoc with RES from Altium Content Vault
Replace Part R140 RES in R:\SeniorProjects\SP2020\DavidTo\Hardware Portfolio\ECU\Op_Amp_Sig_Process_Off-Board_Connector_Etc.SchDoc with RES from Altium Content Vault
Replace Part R141 RES in R:\SeniorProjects\SP2020\DavidTo\Hardware Portfolio\ECU\Op_Amp_Sig_Process_Off-Board_Connector_Etc.SchDoc with RES from Altium Content Vault
Replace Part R142 RES in R:\SeniorProjects\SP2020\DavidTo\Hardware Portfolio\ECU\Op_Amp_Sig_Process_Off-Board_Connector_Etc.SchDoc with RES from Altium Content Vault
Replace Part R143 RES in R:\SeniorProjects\SP2020\DavidTo\Hardware Portfolio\ECU\Op_Amp_Sig_Process_Off-Board_Connector_Etc.SchDoc with RES from Altium Content Vault
Replace Part R144 RES in R:\SeniorProjects\SP2020\DavidTo\Hardware Portfolio\ECU\Op_Amp_Sig_Process_Off-Board_Connector_Etc.SchDoc with RES from Altium Content Vault
Replace Part R145 RES in R:\SeniorProjects\SP2020\DavidTo\Hardware Portfolio\ECU\Op_Amp_Sig_Process_Off-Board_Connector_Etc.SchDoc with RES from Altium Content Vault
Replace Part R146 RES in R:\SeniorProjects\SP2020\DavidTo\Hardware Portfolio\ECU\Op_Amp_Sig_Process_Off-Board_Connector_Etc.SchDoc with RES from Altium Content Vault
Replace Part R147 RES in R:\SeniorProjects\SP2020\DavidTo\Hardware Portfolio\ECU\Op_Amp_Sig_Process_Off-Board_Connector_Etc.SchDoc with RES from Altium Content Vault
Replace Part R148 RES in R:\SeniorProjects\SP2020\DavidTo\Hardware Portfolio\ECU\Op_Amp_Sig_Process_Off-Board_Connector_Etc.SchDoc with RES from Altium Content Vault
Replace Part R149 RES in R:\SeniorProjects\SP2020\DavidTo\Hardware Portfolio\ECU\Op_Amp_Sig_Process_Off-Board_Connector_Etc.SchDoc with RES from Altium Content Vault
Replace Part R150 RES in R:\SeniorProjects\SP2020\DavidTo\Hardware Portfolio\ECU\Op_Amp_Sig_Process_Off-Board_Connector_Etc.SchDoc with RES from Altium Content Vault
Replace Part R151 RES in R:\SeniorProjects\SP2020\DavidTo\Hardware Portfolio\ECU\Op_Amp_Sig_Process_Off-Board_Connector_Etc.SchDoc with RES from Altium Content Vault
Replace Part R152 RES in R:\SeniorProjects\SP2020\DavidTo\Hardware Portfolio\ECU\Op_Amp_Sig_Process_Off-Board_Connector_Etc.SchDoc with RES from Altium Content Vault
Replace Part R153 RES in R:\SeniorProjects\SP2020\DavidTo\Hardware Portfolio\ECU\Op_Amp_Sig_Process_Off-Board_Connector_Etc.SchDoc with RES from Altium Content Vault
Replace Part R154 RES in R:\SeniorProjects\SP2020\DavidTo\Hardware Portfolio\ECU\Op_Amp_Sig_Process_Off-Board_Connector_Etc.SchDoc with RES from Altium Content Vault
Replace Part R155 RES in R:\SeniorProjects\SP2020\DavidTo\Hardware Portfolio\ECU\Op_Amp_Sig_Process_Off-Board_Connector_Etc.SchDoc with RES from Altium Content Vault
Replace Part R156 RES in R:\SeniorProjects\SP2020\DavidTo\Hardware Portfolio\ECU\Op_Amp_Sig_Process_Off-Board_Connector_Etc.SchDoc with RES from Altium Content Vault
Replace Part R157 RES in R:\SeniorProjects\SP2020\DavidTo\Hardware Portfolio\ECU\Op_Amp_Sig_Process_Off-Board_Connector_Etc.SchDoc with RES from Altium Content Vault
Replace Part R158 RES in R:\SeniorProjects\SP2020\DavidTo\Hardware Portfolio\ECU\Op_Amp_Sig_Process_Off-Board_Connector_Etc.SchDoc with RES from Altium Content Vault
Replace Part R159 RES in R:\SeniorProjects\SP2020\DavidTo\Hardware Portfolio\ECU\Op_Amp_Sig_Process_Off-Board_Connector_Etc.SchDoc with RES from Altium Content Vault
Replace Part R160 RES in R:\SeniorProjects\SP2020\DavidTo\Hardware Portfolio\ECU\Op_Amp_Sig_Process_Off-Board_Connector_Etc.SchDoc with RES from Altium Content Vault
Replace Part R161 RES in R:\SeniorProjects\SP2020\DavidTo\Hardware Portfolio\ECU\Op_Amp_Sig_Process_Off-Board_Connector_Etc.SchDoc with RES from Altium Content Vault
Replace Part R162 RES in R:\SeniorProjects\SP2020\DavidTo\Hardware Portfolio\ECU\Op_Amp_Sig_Process_Off-Board_Connector_Etc.SchDoc with RES from Altium Content Vault
Replace Part R163 RES in R:\SeniorProjects\SP2020\DavidTo\Hardware Portfolio\ECU\Op_Amp_Sig_Process_Off-Board_Connector_Etc.SchDoc with RES from Altium Content Vault
Replace Part R164 RES in R:\SeniorProjects\SP2020\DavidTo\Hardware Portfolio\ECU\Op_Amp_Sig_Process_Off-Board_Connector_Etc.SchDoc with RES from Altium Content Vault
Replace Part R165 RES in R:\SeniorProjects\SP2020\DavidTo\Hardware Portfolio\ECU\Op_Amp_Sig_Process_Off-Board_Connector_Etc.SchDoc with RES from Altium Content Vault
Replace Part R166 RES in R:\SeniorProjects\SP2020\DavidTo\Hardware Portfolio\ECU\Op_Amp_Sig_Process_Off-Board_Connector_Etc.SchDoc with RES from Altium Content Vault
Replace Part R167 RES in R:\SeniorProjects\SP2020\DavidTo\Hardware Portfolio\ECU\Op_Amp_Sig_Process_Off-Board_Connector_Etc.SchDoc with RES from Altium Content Vault
Replace Part R168 RES in R:\SeniorProjects\SP2020\DavidTo\Hardware Portfolio\ECU\Op_Amp_Sig_Process_Off-Board_Connector_Etc.SchDoc with RES from Altium Content Vault
Replace Part TP31 TEST POINT in R:\SeniorProjects\SP2020\DavidTo\Hardware Portfolio\ECU\Op_Amp_Sig_Process_Off-Board_Connector_Etc.SchDoc with TEST POINT from WWUEE_SchematicLibrary.SchLib
Replace Part TP32 TEST POINT in R:\SeniorProjects\SP2020\DavidTo\Hardware Portfolio\ECU\Op_Amp_Sig_Process_Off-Board_Connector_Etc.SchDoc with TEST POINT from WWUEE_SchematicLibrary.SchLib
Replace Part TP33 TEST POINT in R:\SeniorProjects\SP2020\DavidTo\Hardware Portfolio\ECU\Op_Amp_Sig_Process_Off-Board_Connector_Etc.SchDoc with TEST POINT from WWUEE_SchematicLibrary.SchLib
Replace Part TP34 TEST POINT in R:\SeniorProjects\SP2020\DavidTo\Hardware Portfolio\ECU\Op_Amp_Sig_Process_Off-Board_Connector_Etc.SchDoc with TEST POINT from WWUEE_SchematicLibrary.SchLib
Replace Part TP35 TEST POINT in R:\SeniorProjects\SP2020\DavidTo\Hardware Portfolio\ECU\Op_Amp_Sig_Process_Off-Board_Connector_Etc.SchDoc with TEST POINT from WWUEE_SchematicLibrary.SchLib
Replace Part TP36 TEST POINT in R:\SeniorProjects\SP2020\DavidTo\Hardware Portfolio\ECU\Op_Amp_Sig_Process_Off-Board_Connector_Etc.SchDoc with TEST POINT from WWUEE_SchematicLibrary.SchLib
Replace Part TP37 TEST POINT in R:\SeniorProjects\SP2020\DavidTo\Hardware Portfolio\ECU\Op_Amp_Sig_Process_Off-Board_Connector_Etc.SchDoc with TEST POINT from WWUEE_SchematicLibrary.SchLib
Replace Part TP38 TEST POINT in R:\SeniorProjects\SP2020\DavidTo\Hardware Portfolio\ECU\Op_Amp_Sig_Process_Off-Board_Connector_Etc.SchDoc with TEST POINT from WWUEE_SchematicLibrary.SchLib
Replace Part TP39 TEST POINT in R:\SeniorProjects\SP2020\DavidTo\Hardware Portfolio\ECU\Op_Amp_Sig_Process_Off-Board_Connector_Etc.SchDoc with TEST POINT from WWUEE_SchematicLibrary.SchLib
Replace Part TP40 TEST POINT in R:\SeniorProjects\SP2020\DavidTo\Hardware Portfolio\ECU\Op_Amp_Sig_Process_Off-Board_Connector_Etc.SchDoc with TEST POINT from WWUEE_SchematicLibrary.SchLib
Replace Part TP41 TEST POINT in R:\SeniorProjects\SP2020\DavidTo\Hardware Portfolio\ECU\Op_Amp_Sig_Process_Off-Board_Connector_Etc.SchDoc with TEST POINT from WWUEE_SchematicLibrary.SchLib
Replace Part TP42 TEST POINT in R:\SeniorProjects\SP2020\DavidTo\Hardware Portfolio\ECU\Op_Amp_Sig_Process_Off-Board_Connector_Etc.SchDoc with TEST POINT from WWUEE_SchematicLibrary.SchLib
Replace Part TP43 TEST POINT in R:\SeniorProjects\SP2020\DavidTo\Hardware Portfolio\ECU\Op_Amp_Sig_Process_Off-Board_Connector_Etc.SchDoc with TEST POINT from WWUEE_SchematicLibrary.SchLib
Replace Part TP44 TEST POINT in R:\SeniorProjects\SP2020\DavidTo\Hardware Portfolio\ECU\Op_Amp_Sig_Process_Off-Board_Connector_Etc.SchDoc with TEST POINT from WWUEE_SchematicLibrary.SchLib
Replace Part U16 MAX9926-E16+1 in R:\SeniorProjects\SP2020\DavidTo\Hardware Portfolio\ECU\Op_Amp_Sig_Process_Off-Board_Connector_Etc.SchDoc with MAX9926-E16+1 from Altium Content Vault
Replace Part U17 NCV20074DR2G in R:\SeniorProjects\SP2020\DavidTo\Hardware Portfolio\ECU\Op_Amp_Sig_Process_Off-Board_Connector_Etc.SchDoc with NCV20074DR2G from ECU.SchLib
Replace Part U17 NCV20074DR2G in R:\SeniorProjects\SP2020\DavidTo\Hardware Portfolio\ECU\Op_Amp_Sig_Process_Off-Board_Connector_Etc.SchDoc with NCV20074DR2G from ECU.SchLib
Replace Part U17 NCV20074DR2G in R:\SeniorProjects\SP2020\DavidTo\Hardware Portfolio\ECU\Op_Amp_Sig_Process_Off-Board_Connector_Etc.SchDoc with NCV20074DR2G from ECU.SchLib
Replace Part U17 NCV20074DR2G in R:\SeniorProjects\SP2020\DavidTo\Hardware Portfolio\ECU\Op_Amp_Sig_Process_Off-Board_Connector_Etc.SchDoc with NCV20074DR2G from ECU.SchLib
Replace Part U17 NCV20074DR2G in R:\SeniorProjects\SP2020\DavidTo\Hardware Portfolio\ECU\Op_Amp_Sig_Process_Off-Board_Connector_Etc.SchDoc with NCV20074DR2G from ECU.SchLib
Replace Part U18 TI-DRV882XPWP28-XXXXXXXXXTP in R:\SeniorProjects\SP2020\DavidTo\Hardware Portfolio\ECU\Op_Amp_Sig_Process_Off-Board_Connector_Etc.SchDoc with TI-DRV882XPWP28-XXXXXXXXXTP from Altium Content Vault
Replace Part U19 MPX4250 in R:\SeniorProjects\SP2020\DavidTo\Hardware Portfolio\ECU\Op_Amp_Sig_Process_Off-Board_Connector_Etc.SchDoc with MPX4250 from ECU.SchLib
