Replace Part C25 CAP in R:\SeniorProjects\SP2020\DavidTo\Hardware Portfolio\ECU\Op_Amp_Sig_Process.SchDoc with CAP from Altium Content Vault
Replace Part C26 CAP in R:\SeniorProjects\SP2020\DavidTo\Hardware Portfolio\ECU\Op_Amp_Sig_Process.SchDoc with CAP from Altium Content Vault
Replace Part C27 CAP in R:\SeniorProjects\SP2020\DavidTo\Hardware Portfolio\ECU\Op_Amp_Sig_Process.SchDoc with CAP from Altium Content Vault
Replace Part C28 CAP in R:\SeniorProjects\SP2020\DavidTo\Hardware Portfolio\ECU\Op_Amp_Sig_Process.SchDoc with CAP from Altium Content Vault
Replace Part C29 CAP in R:\SeniorProjects\SP2020\DavidTo\Hardware Portfolio\ECU\Op_Amp_Sig_Process.SchDoc with CAP from Altium Content Vault
Replace Part C30 CAP in R:\SeniorProjects\SP2020\DavidTo\Hardware Portfolio\ECU\Op_Amp_Sig_Process.SchDoc with CAP from Altium Content Vault
Replace Part C31 CAP in R:\SeniorProjects\SP2020\DavidTo\Hardware Portfolio\ECU\Op_Amp_Sig_Process.SchDoc with CAP from Altium Content Vault
Replace Part C32 CAP in R:\SeniorProjects\SP2020\DavidTo\Hardware Portfolio\ECU\Op_Amp_Sig_Process.SchDoc with CAP from Altium Content Vault
Replace Part C33 CAP in R:\SeniorProjects\SP2020\DavidTo\Hardware Portfolio\ECU\Op_Amp_Sig_Process.SchDoc with CAP from Altium Content Vault
Replace Part C34 CAP in R:\SeniorProjects\SP2020\DavidTo\Hardware Portfolio\ECU\Op_Amp_Sig_Process.SchDoc with CAP from Altium Content Vault
Replace Part D19 ONSC-D-A1K2C3-3 in R:\SeniorProjects\SP2020\DavidTo\Hardware Portfolio\ECU\Op_Amp_Sig_Process.SchDoc with ONSC-D-A1K2C3-3 from Altium Content Vault
Replace Part D20 ONSC-D-A1K2C3-3 in R:\SeniorProjects\SP2020\DavidTo\Hardware Portfolio\ECU\Op_Amp_Sig_Process.SchDoc with ONSC-D-A1K2C3-3 from Altium Content Vault
Replace Part D21 ONSC-D-A1K2C3-3 in R:\SeniorProjects\SP2020\DavidTo\Hardware Portfolio\ECU\Op_Amp_Sig_Process.SchDoc with ONSC-D-A1K2C3-3 from Altium Content Vault
Replace Part D22 ONSC-D-A1K2C3-3 in R:\SeniorProjects\SP2020\DavidTo\Hardware Portfolio\ECU\Op_Amp_Sig_Process.SchDoc with ONSC-D-A1K2C3-3 from Altium Content Vault
Replace Part D23 ONSC-D-A1K2C3-3 in R:\SeniorProjects\SP2020\DavidTo\Hardware Portfolio\ECU\Op_Amp_Sig_Process.SchDoc with ONSC-D-A1K2C3-3 from Altium Content Vault
Replace Part D24 ONSC-D-A1K2C3-3 in R:\SeniorProjects\SP2020\DavidTo\Hardware Portfolio\ECU\Op_Amp_Sig_Process.SchDoc with ONSC-D-A1K2C3-3 from Altium Content Vault
Replace Part D25 ONSC-D-A1K2C3-3 in R:\SeniorProjects\SP2020\DavidTo\Hardware Portfolio\ECU\Op_Amp_Sig_Process.SchDoc with ONSC-D-A1K2C3-3 from Altium Content Vault
Replace Part D26 ONSC-D-A1K2C3-3 in R:\SeniorProjects\SP2020\DavidTo\Hardware Portfolio\ECU\Op_Amp_Sig_Process.SchDoc with ONSC-D-A1K2C3-3 from Altium Content Vault
Replace Part R54 RES in R:\SeniorProjects\SP2020\DavidTo\Hardware Portfolio\ECU\Op_Amp_Sig_Process.SchDoc with RES from Altium Content Vault
Replace Part R55 RES in R:\SeniorProjects\SP2020\DavidTo\Hardware Portfolio\ECU\Op_Amp_Sig_Process.SchDoc with RES from Altium Content Vault
Replace Part R56 RES in R:\SeniorProjects\SP2020\DavidTo\Hardware Portfolio\ECU\Op_Amp_Sig_Process.SchDoc with RES from Altium Content Vault
Replace Part R57 RES in R:\SeniorProjects\SP2020\DavidTo\Hardware Portfolio\ECU\Op_Amp_Sig_Process.SchDoc with RES from Altium Content Vault
Replace Part R58 RES in R:\SeniorProjects\SP2020\DavidTo\Hardware Portfolio\ECU\Op_Amp_Sig_Process.SchDoc with RES from Altium Content Vault
Replace Part R59 RES in R:\SeniorProjects\SP2020\DavidTo\Hardware Portfolio\ECU\Op_Amp_Sig_Process.SchDoc with RES from Altium Content Vault
Replace Part R60 RES in R:\SeniorProjects\SP2020\DavidTo\Hardware Portfolio\ECU\Op_Amp_Sig_Process.SchDoc with RES from Altium Content Vault
Replace Part R61 RES in R:\SeniorProjects\SP2020\DavidTo\Hardware Portfolio\ECU\Op_Amp_Sig_Process.SchDoc with RES from Altium Content Vault
Replace Part R62 RES in R:\SeniorProjects\SP2020\DavidTo\Hardware Portfolio\ECU\Op_Amp_Sig_Process.SchDoc with RES from Altium Content Vault
Replace Part R63 RES in R:\SeniorProjects\SP2020\DavidTo\Hardware Portfolio\ECU\Op_Amp_Sig_Process.SchDoc with RES from Altium Content Vault
Replace Part R64 RES in R:\SeniorProjects\SP2020\DavidTo\Hardware Portfolio\ECU\Op_Amp_Sig_Process.SchDoc with RES from Altium Content Vault
Replace Part R65 RES in R:\SeniorProjects\SP2020\DavidTo\Hardware Portfolio\ECU\Op_Amp_Sig_Process.SchDoc with RES from Altium Content Vault
Replace Part R66 RES in R:\SeniorProjects\SP2020\DavidTo\Hardware Portfolio\ECU\Op_Amp_Sig_Process.SchDoc with RES from Altium Content Vault
Replace Part R67 RES in R:\SeniorProjects\SP2020\DavidTo\Hardware Portfolio\ECU\Op_Amp_Sig_Process.SchDoc with RES from Altium Content Vault
Replace Part R68 RES in R:\SeniorProjects\SP2020\DavidTo\Hardware Portfolio\ECU\Op_Amp_Sig_Process.SchDoc with RES from Altium Content Vault
Replace Part R69 RES in R:\SeniorProjects\SP2020\DavidTo\Hardware Portfolio\ECU\Op_Amp_Sig_Process.SchDoc with RES from Altium Content Vault
Replace Part R70 RES in R:\SeniorProjects\SP2020\DavidTo\Hardware Portfolio\ECU\Op_Amp_Sig_Process.SchDoc with RES from Altium Content Vault
Replace Part R71 RES in R:\SeniorProjects\SP2020\DavidTo\Hardware Portfolio\ECU\Op_Amp_Sig_Process.SchDoc with RES from Altium Content Vault
Replace Part R72 RES in R:\SeniorProjects\SP2020\DavidTo\Hardware Portfolio\ECU\Op_Amp_Sig_Process.SchDoc with RES from Altium Content Vault
Replace Part R73 RES in R:\SeniorProjects\SP2020\DavidTo\Hardware Portfolio\ECU\Op_Amp_Sig_Process.SchDoc with RES from Altium Content Vault
Replace Part R74 RES in R:\SeniorProjects\SP2020\DavidTo\Hardware Portfolio\ECU\Op_Amp_Sig_Process.SchDoc with RES from Altium Content Vault
Replace Part R75 RES in R:\SeniorProjects\SP2020\DavidTo\Hardware Portfolio\ECU\Op_Amp_Sig_Process.SchDoc with RES from Altium Content Vault
Replace Part R76 RES in R:\SeniorProjects\SP2020\DavidTo\Hardware Portfolio\ECU\Op_Amp_Sig_Process.SchDoc with RES from Altium Content Vault
Replace Part R77 RES in R:\SeniorProjects\SP2020\DavidTo\Hardware Portfolio\ECU\Op_Amp_Sig_Process.SchDoc with RES from Altium Content Vault
Replace Part R78 RES in R:\SeniorProjects\SP2020\DavidTo\Hardware Portfolio\ECU\Op_Amp_Sig_Process.SchDoc with RES from Altium Content Vault
Replace Part R79 RES in R:\SeniorProjects\SP2020\DavidTo\Hardware Portfolio\ECU\Op_Amp_Sig_Process.SchDoc with RES from Altium Content Vault
Replace Part R80 RES in R:\SeniorProjects\SP2020\DavidTo\Hardware Portfolio\ECU\Op_Amp_Sig_Process.SchDoc with RES from Altium Content Vault
Replace Part R81 RES in R:\SeniorProjects\SP2020\DavidTo\Hardware Portfolio\ECU\Op_Amp_Sig_Process.SchDoc with RES from Altium Content Vault
Replace Part R82 RES in R:\SeniorProjects\SP2020\DavidTo\Hardware Portfolio\ECU\Op_Amp_Sig_Process.SchDoc with RES from Altium Content Vault
Replace Part R83 RES in R:\SeniorProjects\SP2020\DavidTo\Hardware Portfolio\ECU\Op_Amp_Sig_Process.SchDoc with RES from Altium Content Vault
Replace Part R84 RES in R:\SeniorProjects\SP2020\DavidTo\Hardware Portfolio\ECU\Op_Amp_Sig_Process.SchDoc with RES from Altium Content Vault
Replace Part R85 RES in R:\SeniorProjects\SP2020\DavidTo\Hardware Portfolio\ECU\Op_Amp_Sig_Process.SchDoc with RES from Altium Content Vault
Replace Part R86 RES in R:\SeniorProjects\SP2020\DavidTo\Hardware Portfolio\ECU\Op_Amp_Sig_Process.SchDoc with RES from Altium Content Vault
Replace Part R87 RES in R:\SeniorProjects\SP2020\DavidTo\Hardware Portfolio\ECU\Op_Amp_Sig_Process.SchDoc with RES from Altium Content Vault
Replace Part R88 RES in R:\SeniorProjects\SP2020\DavidTo\Hardware Portfolio\ECU\Op_Amp_Sig_Process.SchDoc with RES from Altium Content Vault
Replace Part R89 RES in R:\SeniorProjects\SP2020\DavidTo\Hardware Portfolio\ECU\Op_Amp_Sig_Process.SchDoc with RES from Altium Content Vault
Replace Part R90 RES in R:\SeniorProjects\SP2020\DavidTo\Hardware Portfolio\ECU\Op_Amp_Sig_Process.SchDoc with RES from Altium Content Vault
Replace Part R91 RES in R:\SeniorProjects\SP2020\DavidTo\Hardware Portfolio\ECU\Op_Amp_Sig_Process.SchDoc with RES from Altium Content Vault
Replace Part R92 RES in R:\SeniorProjects\SP2020\DavidTo\Hardware Portfolio\ECU\Op_Amp_Sig_Process.SchDoc with RES from Altium Content Vault
Replace Part R93 RES in R:\SeniorProjects\SP2020\DavidTo\Hardware Portfolio\ECU\Op_Amp_Sig_Process.SchDoc with RES from Altium Content Vault
Replace Part TP15 TEST POINT in R:\SeniorProjects\SP2020\DavidTo\Hardware Portfolio\ECU\Op_Amp_Sig_Process.SchDoc with TEST POINT from WWUEE_SchematicLibrary.SchLib
Replace Part TP16 TEST POINT in R:\SeniorProjects\SP2020\DavidTo\Hardware Portfolio\ECU\Op_Amp_Sig_Process.SchDoc with TEST POINT from WWUEE_SchematicLibrary.SchLib
Replace Part TP17 TEST POINT in R:\SeniorProjects\SP2020\DavidTo\Hardware Portfolio\ECU\Op_Amp_Sig_Process.SchDoc with TEST POINT from WWUEE_SchematicLibrary.SchLib
Replace Part TP18 TEST POINT in R:\SeniorProjects\SP2020\DavidTo\Hardware Portfolio\ECU\Op_Amp_Sig_Process.SchDoc with TEST POINT from WWUEE_SchematicLibrary.SchLib
Replace Part TP19 TEST POINT in R:\SeniorProjects\SP2020\DavidTo\Hardware Portfolio\ECU\Op_Amp_Sig_Process.SchDoc with TEST POINT from WWUEE_SchematicLibrary.SchLib
Replace Part TP20 TEST POINT in R:\SeniorProjects\SP2020\DavidTo\Hardware Portfolio\ECU\Op_Amp_Sig_Process.SchDoc with TEST POINT from WWUEE_SchematicLibrary.SchLib
Replace Part TP21 TEST POINT in R:\SeniorProjects\SP2020\DavidTo\Hardware Portfolio\ECU\Op_Amp_Sig_Process.SchDoc with TEST POINT from WWUEE_SchematicLibrary.SchLib
Replace Part TP22 TEST POINT in R:\SeniorProjects\SP2020\DavidTo\Hardware Portfolio\ECU\Op_Amp_Sig_Process.SchDoc with TEST POINT from WWUEE_SchematicLibrary.SchLib
Replace Part U10 NCV20074DR2G in R:\SeniorProjects\SP2020\DavidTo\Hardware Portfolio\ECU\Op_Amp_Sig_Process.SchDoc with NCV20074DR2G from ECU.SchLib
Replace Part U10 NCV20074DR2G in R:\SeniorProjects\SP2020\DavidTo\Hardware Portfolio\ECU\Op_Amp_Sig_Process.SchDoc with NCV20074DR2G from ECU.SchLib
Replace Part U10 NCV20074DR2G in R:\SeniorProjects\SP2020\DavidTo\Hardware Portfolio\ECU\Op_Amp_Sig_Process.SchDoc with NCV20074DR2G from ECU.SchLib
Replace Part U10 NCV20074DR2G in R:\SeniorProjects\SP2020\DavidTo\Hardware Portfolio\ECU\Op_Amp_Sig_Process.SchDoc with NCV20074DR2G from ECU.SchLib
Replace Part U10 NCV20074DR2G in R:\SeniorProjects\SP2020\DavidTo\Hardware Portfolio\ECU\Op_Amp_Sig_Process.SchDoc with NCV20074DR2G from ECU.SchLib
Replace Part U11 NCV20074DR2G in R:\SeniorProjects\SP2020\DavidTo\Hardware Portfolio\ECU\Op_Amp_Sig_Process.SchDoc with NCV20074DR2G from ECU.SchLib
Replace Part U11 NCV20074DR2G in R:\SeniorProjects\SP2020\DavidTo\Hardware Portfolio\ECU\Op_Amp_Sig_Process.SchDoc with NCV20074DR2G from ECU.SchLib
Replace Part U11 NCV20074DR2G in R:\SeniorProjects\SP2020\DavidTo\Hardware Portfolio\ECU\Op_Amp_Sig_Process.SchDoc with NCV20074DR2G from ECU.SchLib
Replace Part U11 NCV20074DR2G in R:\SeniorProjects\SP2020\DavidTo\Hardware Portfolio\ECU\Op_Amp_Sig_Process.SchDoc with NCV20074DR2G from ECU.SchLib
Replace Part U11 NCV20074DR2G in R:\SeniorProjects\SP2020\DavidTo\Hardware Portfolio\ECU\Op_Amp_Sig_Process.SchDoc with NCV20074DR2G from ECU.SchLib
