Replace Part BT1 BATHLD-001 in R:\SeniorProjects\SP2020\DavidTo\Hardware Portfolio\ECU\Power_Communications_MCU.SchDoc with BATHLD-001 from Altium Content Vault
Replace Part C1 CAP in R:\SeniorProjects\SP2020\DavidTo\Hardware Portfolio\ECU\Power_Communications_MCU.SchDoc with CAP from Altium Content Vault
Replace Part C2 CAP in R:\SeniorProjects\SP2020\DavidTo\Hardware Portfolio\ECU\Power_Communications_MCU.SchDoc with CAP from Altium Content Vault
Replace Part C3 CAP in R:\SeniorProjects\SP2020\DavidTo\Hardware Portfolio\ECU\Power_Communications_MCU.SchDoc with CAP from Altium Content Vault
Replace Part C4 CAP in R:\SeniorProjects\SP2020\DavidTo\Hardware Portfolio\ECU\Power_Communications_MCU.SchDoc with CAP from Altium Content Vault
Replace Part C5 CAP in R:\SeniorProjects\SP2020\DavidTo\Hardware Portfolio\ECU\Power_Communications_MCU.SchDoc with CAP from Altium Content Vault
Replace Part C6 CAP in R:\SeniorProjects\SP2020\DavidTo\Hardware Portfolio\ECU\Power_Communications_MCU.SchDoc with CAP from Altium Content Vault
Replace Part C7 CAP in R:\SeniorProjects\SP2020\DavidTo\Hardware Portfolio\ECU\Power_Communications_MCU.SchDoc with CAP from Altium Content Vault
Replace Part C8 CAP in R:\SeniorProjects\SP2020\DavidTo\Hardware Portfolio\ECU\Power_Communications_MCU.SchDoc with CAP from Altium Content Vault
Replace Part C9 CAP in R:\SeniorProjects\SP2020\DavidTo\Hardware Portfolio\ECU\Power_Communications_MCU.SchDoc with CAP from Altium Content Vault
Replace Part C10 CAP in R:\SeniorProjects\SP2020\DavidTo\Hardware Portfolio\ECU\Power_Communications_MCU.SchDoc with CAP from Altium Content Vault
Replace Part C11 CAP in R:\SeniorProjects\SP2020\DavidTo\Hardware Portfolio\ECU\Power_Communications_MCU.SchDoc with CAP from Altium Content Vault
Replace Part C12 CAP in R:\SeniorProjects\SP2020\DavidTo\Hardware Portfolio\ECU\Power_Communications_MCU.SchDoc with CAP from Altium Content Vault
Replace Part C13 CAP in R:\SeniorProjects\SP2020\DavidTo\Hardware Portfolio\ECU\Power_Communications_MCU.SchDoc with CAP from Altium Content Vault
Replace Part C14 CAP in R:\SeniorProjects\SP2020\DavidTo\Hardware Portfolio\ECU\Power_Communications_MCU.SchDoc with CAP from Altium Content Vault
Replace Part C15 CAP in R:\SeniorProjects\SP2020\DavidTo\Hardware Portfolio\ECU\Power_Communications_MCU.SchDoc with CAP from Altium Content Vault
Replace Part C16 CAP in R:\SeniorProjects\SP2020\DavidTo\Hardware Portfolio\ECU\Power_Communications_MCU.SchDoc with CAP from Altium Content Vault
Replace Part C17 CAP in R:\SeniorProjects\SP2020\DavidTo\Hardware Portfolio\ECU\Power_Communications_MCU.SchDoc with CAP from Altium Content Vault
Replace Part C18 CAP in R:\SeniorProjects\SP2020\DavidTo\Hardware Portfolio\ECU\Power_Communications_MCU.SchDoc with CAP from Altium Content Vault
Replace Part C19 CAP in R:\SeniorProjects\SP2020\DavidTo\Hardware Portfolio\ECU\Power_Communications_MCU.SchDoc with CAP from Altium Content Vault
Replace Part C20 CAP in R:\SeniorProjects\SP2020\DavidTo\Hardware Portfolio\ECU\Power_Communications_MCU.SchDoc with CAP from Altium Content Vault
Replace Part C21 CAP in R:\SeniorProjects\SP2020\DavidTo\Hardware Portfolio\ECU\Power_Communications_MCU.SchDoc with CAP from Altium Content Vault
Replace Part C22 CAP in R:\SeniorProjects\SP2020\DavidTo\Hardware Portfolio\ECU\Power_Communications_MCU.SchDoc with CAP from Altium Content Vault
Replace Part C23 CAP in R:\SeniorProjects\SP2020\DavidTo\Hardware Portfolio\ECU\Power_Communications_MCU.SchDoc with CAP from Altium Content Vault
Replace Part C24 CAP in R:\SeniorProjects\SP2020\DavidTo\Hardware Portfolio\ECU\Power_Communications_MCU.SchDoc with CAP from Altium Content Vault
Replace Part D1 DIOD-DSKY-A1K2-2 in R:\SeniorProjects\SP2020\DavidTo\Hardware Portfolio\ECU\Power_Communications_MCU.SchDoc with DIOD-DSKY-A1K2-2 from Altium Content Vault
Replace Part D2 RBO40-40G/T in R:\SeniorProjects\SP2020\DavidTo\Hardware Portfolio\ECU\Power_Communications_MCU.SchDoc with RBO40-40G/T from ECU.SchLib
Replace Part FB1 BK1608TS102 in R:\SeniorProjects\SP2020\DavidTo\Hardware Portfolio\ECU\Power_Communications_MCU.SchDoc with BK1608TS102 from ECU.SchLib
Replace Part FB2 BK1608TS102 in R:\SeniorProjects\SP2020\DavidTo\Hardware Portfolio\ECU\Power_Communications_MCU.SchDoc with BK1608TS102 from ECU.SchLib
Replace Part J1 503182-1852 in R:\SeniorProjects\SP2020\DavidTo\Hardware Portfolio\ECU\Power_Communications_MCU.SchDoc with 503182-1852 from ECU.SchLib
Replace Part J2 USB MICRO CONN SMT R/A (Amphenol) in R:\SeniorProjects\SP2020\DavidTo\Hardware Portfolio\ECU\Power_Communications_MCU.SchDoc with USB MICRO CONN SMT R/A (Amphenol) from WWUEE_SchematicLibrary.SchLib
Replace Part L1 SRR1260-101M in R:\SeniorProjects\SP2020\DavidTo\Hardware Portfolio\ECU\Power_Communications_MCU.SchDoc with SRR1260-101M from ECU.SchLib
Replace Part NT1 NET TIE in R:\SeniorProjects\SP2020\DavidTo\Hardware Portfolio\ECU\Power_Communications_MCU.SchDoc with NET TIE from WWUEE_SchematicLibrary.SchLib
Replace Part P1 CN-2P-M-R10 in R:\SeniorProjects\SP2020\DavidTo\Hardware Portfolio\ECU\Power_Communications_MCU.SchDoc with CN-2P-M-R10 from Altium Content Vault
Replace Part P2 Header 3 in R:\SeniorProjects\SP2020\DavidTo\Hardware Portfolio\ECU\Power_Communications_MCU.SchDoc with Header 3 from Miscellaneous Connectors.IntLib
Replace Part P3 Header 3 in R:\SeniorProjects\SP2020\DavidTo\Hardware Portfolio\ECU\Power_Communications_MCU.SchDoc with Header 3 from Miscellaneous Connectors.IntLib
Replace Part P4 Header 2 in R:\SeniorProjects\SP2020\DavidTo\Hardware Portfolio\ECU\Power_Communications_MCU.SchDoc with Header 2 from Miscellaneous Connectors.IntLib
Replace Part R1 RES in R:\SeniorProjects\SP2020\DavidTo\Hardware Portfolio\ECU\Power_Communications_MCU.SchDoc with RES from Altium Content Vault
Replace Part R2 RES in R:\SeniorProjects\SP2020\DavidTo\Hardware Portfolio\ECU\Power_Communications_MCU.SchDoc with RES from Altium Content Vault
Replace Part R3 RES in R:\SeniorProjects\SP2020\DavidTo\Hardware Portfolio\ECU\Power_Communications_MCU.SchDoc with RES from Altium Content Vault
Replace Part R4 RES in R:\SeniorProjects\SP2020\DavidTo\Hardware Portfolio\ECU\Power_Communications_MCU.SchDoc with RES from Altium Content Vault
Replace Part R5 RES in R:\SeniorProjects\SP2020\DavidTo\Hardware Portfolio\ECU\Power_Communications_MCU.SchDoc with RES from Altium Content Vault
Replace Part R6 RES in R:\SeniorProjects\SP2020\DavidTo\Hardware Portfolio\ECU\Power_Communications_MCU.SchDoc with RES from Altium Content Vault
Replace Part R7 RES in R:\SeniorProjects\SP2020\DavidTo\Hardware Portfolio\ECU\Power_Communications_MCU.SchDoc with RES from Altium Content Vault
Replace Part R8 RES in R:\SeniorProjects\SP2020\DavidTo\Hardware Portfolio\ECU\Power_Communications_MCU.SchDoc with RES from Altium Content Vault
Replace Part R9 RES in R:\SeniorProjects\SP2020\DavidTo\Hardware Portfolio\ECU\Power_Communications_MCU.SchDoc with RES from Altium Content Vault
Replace Part R10 RES in R:\SeniorProjects\SP2020\DavidTo\Hardware Portfolio\ECU\Power_Communications_MCU.SchDoc with RES from Altium Content Vault
Replace Part R11 RES in R:\SeniorProjects\SP2020\DavidTo\Hardware Portfolio\ECU\Power_Communications_MCU.SchDoc with RES from Altium Content Vault
Replace Part R12 RES in R:\SeniorProjects\SP2020\DavidTo\Hardware Portfolio\ECU\Power_Communications_MCU.SchDoc with RES from Altium Content Vault
Replace Part R13 RES in R:\SeniorProjects\SP2020\DavidTo\Hardware Portfolio\ECU\Power_Communications_MCU.SchDoc with RES from Altium Content Vault
Replace Part TP1 TEST POINT in R:\SeniorProjects\SP2020\DavidTo\Hardware Portfolio\ECU\Power_Communications_MCU.SchDoc with TEST POINT from WWUEE_SchematicLibrary.SchLib
Replace Part TP2 TEST POINT in R:\SeniorProjects\SP2020\DavidTo\Hardware Portfolio\ECU\Power_Communications_MCU.SchDoc with TEST POINT from WWUEE_SchematicLibrary.SchLib
Replace Part TP3 TEST POINT in R:\SeniorProjects\SP2020\DavidTo\Hardware Portfolio\ECU\Power_Communications_MCU.SchDoc with TEST POINT from WWUEE_SchematicLibrary.SchLib
Replace Part TP4 TEST POINT in R:\SeniorProjects\SP2020\DavidTo\Hardware Portfolio\ECU\Power_Communications_MCU.SchDoc with TEST POINT from WWUEE_SchematicLibrary.SchLib
Replace Part TP5 TEST POINT in R:\SeniorProjects\SP2020\DavidTo\Hardware Portfolio\ECU\Power_Communications_MCU.SchDoc with TEST POINT from WWUEE_SchematicLibrary.SchLib
Replace Part TP6 TEST POINT in R:\SeniorProjects\SP2020\DavidTo\Hardware Portfolio\ECU\Power_Communications_MCU.SchDoc with TEST POINT from WWUEE_SchematicLibrary.SchLib
Replace Part U1 STM32G474VET6_1 in R:\SeniorProjects\SP2020\DavidTo\Hardware Portfolio\ECU\Power_Communications_MCU.SchDoc with STM32G474VET6_1 from ECU.SchLib
Replace Part U1 STM32G474VET6_1 in R:\SeniorProjects\SP2020\DavidTo\Hardware Portfolio\ECU\Power_Communications_MCU.SchDoc with STM32G474VET6_1 from ECU.SchLib
Replace Part U1 STM32G474VET6_1 in R:\SeniorProjects\SP2020\DavidTo\Hardware Portfolio\ECU\Power_Communications_MCU.SchDoc with STM32G474VET6_1 from ECU.SchLib
Replace Part U2 A5975D in R:\SeniorProjects\SP2020\DavidTo\Hardware Portfolio\ECU\Power_Communications_MCU.SchDoc with A5975D from ECU.SchLib
Replace Part U3 PM-REG-LP38690-TO3 in R:\SeniorProjects\SP2020\DavidTo\Hardware Portfolio\ECU\Power_Communications_MCU.SchDoc with PM-REG-LP38690-TO3 from Altium Content Vault
Replace Part U4 USBLC6-2SC6 in R:\SeniorProjects\SP2020\DavidTo\Hardware Portfolio\ECU\Power_Communications_MCU.SchDoc with USBLC6-2SC6 from ECU.SchLib
Replace Part U5 TI-SN65HVDA1050A-Q1-SOIC_D-8 in R:\SeniorProjects\SP2020\DavidTo\Hardware Portfolio\ECU\Power_Communications_MCU.SchDoc with TI-SN65HVDA1050A-Q1-SOIC_D-8 from Altium Content Vault
Replace Part X1 ABRA-ABS07-2 in R:\SeniorProjects\SP2020\DavidTo\Hardware Portfolio\ECU\Power_Communications_MCU.SchDoc with ABRA-ABS07-2 from Altium Content Vault
Replace Part X2 ABM8-48.000MHZ-10-1-U-T in R:\SeniorProjects\SP2020\DavidTo\Hardware Portfolio\ECU\Power_Communications_MCU.SchDoc with ABM8-48.000MHZ-10-1-U-T from ECU.SchLib
