Replace Part C35 CAP in R:\SeniorProjects\SP2020\DavidTo\Hardware Portfolio\ECU\Push_Pull_Drivers.SchDoc with CAP from Altium Content Vault
Replace Part C36 CAP in R:\SeniorProjects\SP2020\DavidTo\Hardware Portfolio\ECU\Push_Pull_Drivers.SchDoc with CAP from Altium Content Vault
Replace Part C37 CAP in R:\SeniorProjects\SP2020\DavidTo\Hardware Portfolio\ECU\Push_Pull_Drivers.SchDoc with CAP from Altium Content Vault
Replace Part C38 CAP in R:\SeniorProjects\SP2020\DavidTo\Hardware Portfolio\ECU\Push_Pull_Drivers.SchDoc with CAP from Altium Content Vault
Replace Part C39 CAP in R:\SeniorProjects\SP2020\DavidTo\Hardware Portfolio\ECU\Push_Pull_Drivers.SchDoc with CAP from Altium Content Vault
Replace Part C40 CAP in R:\SeniorProjects\SP2020\DavidTo\Hardware Portfolio\ECU\Push_Pull_Drivers.SchDoc with CAP from Altium Content Vault
Replace Part C41 CAP in R:\SeniorProjects\SP2020\DavidTo\Hardware Portfolio\ECU\Push_Pull_Drivers.SchDoc with CAP from Altium Content Vault
Replace Part C42 CAP in R:\SeniorProjects\SP2020\DavidTo\Hardware Portfolio\ECU\Push_Pull_Drivers.SchDoc with CAP from Altium Content Vault
Replace Part D27 LTST-C194KRKT in R:\SeniorProjects\SP2020\DavidTo\Hardware Portfolio\ECU\Push_Pull_Drivers.SchDoc with LTST-C194KRKT from ECU.SchLib
Replace Part D28 LTST-C194KRKT in R:\SeniorProjects\SP2020\DavidTo\Hardware Portfolio\ECU\Push_Pull_Drivers.SchDoc with LTST-C194KRKT from ECU.SchLib
Replace Part D29 LTST-C194KRKT in R:\SeniorProjects\SP2020\DavidTo\Hardware Portfolio\ECU\Push_Pull_Drivers.SchDoc with LTST-C194KRKT from ECU.SchLib
Replace Part D30 LTST-C194KRKT in R:\SeniorProjects\SP2020\DavidTo\Hardware Portfolio\ECU\Push_Pull_Drivers.SchDoc with LTST-C194KRKT from ECU.SchLib
Replace Part D31 LTST-C194KRKT in R:\SeniorProjects\SP2020\DavidTo\Hardware Portfolio\ECU\Push_Pull_Drivers.SchDoc with LTST-C194KRKT from ECU.SchLib
Replace Part D32 LTST-C194KRKT in R:\SeniorProjects\SP2020\DavidTo\Hardware Portfolio\ECU\Push_Pull_Drivers.SchDoc with LTST-C194KRKT from ECU.SchLib
Replace Part D33 LTST-C194KRKT in R:\SeniorProjects\SP2020\DavidTo\Hardware Portfolio\ECU\Push_Pull_Drivers.SchDoc with LTST-C194KRKT from ECU.SchLib
Replace Part D34 LTST-C194KRKT in R:\SeniorProjects\SP2020\DavidTo\Hardware Portfolio\ECU\Push_Pull_Drivers.SchDoc with LTST-C194KRKT from ECU.SchLib
Replace Part P5 Header 3 in R:\SeniorProjects\SP2020\DavidTo\Hardware Portfolio\ECU\Push_Pull_Drivers.SchDoc with Header 3 from Miscellaneous Connectors.IntLib
Replace Part P6 Header 3 in R:\SeniorProjects\SP2020\DavidTo\Hardware Portfolio\ECU\Push_Pull_Drivers.SchDoc with Header 3 from Miscellaneous Connectors.IntLib
Replace Part P7 Header 3 in R:\SeniorProjects\SP2020\DavidTo\Hardware Portfolio\ECU\Push_Pull_Drivers.SchDoc with Header 3 from Miscellaneous Connectors.IntLib
Replace Part P8 Header 3 in R:\SeniorProjects\SP2020\DavidTo\Hardware Portfolio\ECU\Push_Pull_Drivers.SchDoc with Header 3 from Miscellaneous Connectors.IntLib
Replace Part R94 RES in R:\SeniorProjects\SP2020\DavidTo\Hardware Portfolio\ECU\Push_Pull_Drivers.SchDoc with RES from Altium Content Vault
Replace Part R95 RES in R:\SeniorProjects\SP2020\DavidTo\Hardware Portfolio\ECU\Push_Pull_Drivers.SchDoc with RES from Altium Content Vault
Replace Part R96 RES in R:\SeniorProjects\SP2020\DavidTo\Hardware Portfolio\ECU\Push_Pull_Drivers.SchDoc with RES from Altium Content Vault
Replace Part R97 RES in R:\SeniorProjects\SP2020\DavidTo\Hardware Portfolio\ECU\Push_Pull_Drivers.SchDoc with RES from Altium Content Vault
Replace Part R98 RES in R:\SeniorProjects\SP2020\DavidTo\Hardware Portfolio\ECU\Push_Pull_Drivers.SchDoc with RES from Altium Content Vault
Replace Part R99 RES in R:\SeniorProjects\SP2020\DavidTo\Hardware Portfolio\ECU\Push_Pull_Drivers.SchDoc with RES from Altium Content Vault
Replace Part R100 RES in R:\SeniorProjects\SP2020\DavidTo\Hardware Portfolio\ECU\Push_Pull_Drivers.SchDoc with RES from Altium Content Vault
Replace Part R101 RES in R:\SeniorProjects\SP2020\DavidTo\Hardware Portfolio\ECU\Push_Pull_Drivers.SchDoc with RES from Altium Content Vault
Replace Part R102 RES in R:\SeniorProjects\SP2020\DavidTo\Hardware Portfolio\ECU\Push_Pull_Drivers.SchDoc with RES from Altium Content Vault
Replace Part R103 RES in R:\SeniorProjects\SP2020\DavidTo\Hardware Portfolio\ECU\Push_Pull_Drivers.SchDoc with RES from Altium Content Vault
Replace Part R104 RES in R:\SeniorProjects\SP2020\DavidTo\Hardware Portfolio\ECU\Push_Pull_Drivers.SchDoc with RES from Altium Content Vault
Replace Part R105 RES in R:\SeniorProjects\SP2020\DavidTo\Hardware Portfolio\ECU\Push_Pull_Drivers.SchDoc with RES from Altium Content Vault
Replace Part R106 RES in R:\SeniorProjects\SP2020\DavidTo\Hardware Portfolio\ECU\Push_Pull_Drivers.SchDoc with RES from Altium Content Vault
Replace Part R107 RES in R:\SeniorProjects\SP2020\DavidTo\Hardware Portfolio\ECU\Push_Pull_Drivers.SchDoc with RES from Altium Content Vault
Replace Part R108 RES in R:\SeniorProjects\SP2020\DavidTo\Hardware Portfolio\ECU\Push_Pull_Drivers.SchDoc with RES from Altium Content Vault
Replace Part R109 RES in R:\SeniorProjects\SP2020\DavidTo\Hardware Portfolio\ECU\Push_Pull_Drivers.SchDoc with RES from Altium Content Vault
Replace Part R110 RES in R:\SeniorProjects\SP2020\DavidTo\Hardware Portfolio\ECU\Push_Pull_Drivers.SchDoc with RES from Altium Content Vault
Replace Part R111 RES in R:\SeniorProjects\SP2020\DavidTo\Hardware Portfolio\ECU\Push_Pull_Drivers.SchDoc with RES from Altium Content Vault
Replace Part R112 RES in R:\SeniorProjects\SP2020\DavidTo\Hardware Portfolio\ECU\Push_Pull_Drivers.SchDoc with RES from Altium Content Vault
Replace Part R113 RES in R:\SeniorProjects\SP2020\DavidTo\Hardware Portfolio\ECU\Push_Pull_Drivers.SchDoc with RES from Altium Content Vault
Replace Part R114 RES in R:\SeniorProjects\SP2020\DavidTo\Hardware Portfolio\ECU\Push_Pull_Drivers.SchDoc with RES from Altium Content Vault
Replace Part R115 RES in R:\SeniorProjects\SP2020\DavidTo\Hardware Portfolio\ECU\Push_Pull_Drivers.SchDoc with RES from Altium Content Vault
Replace Part R116 RES in R:\SeniorProjects\SP2020\DavidTo\Hardware Portfolio\ECU\Push_Pull_Drivers.SchDoc with RES from Altium Content Vault
Replace Part R117 RES in R:\SeniorProjects\SP2020\DavidTo\Hardware Portfolio\ECU\Push_Pull_Drivers.SchDoc with RES from Altium Content Vault
Replace Part R118 RES in R:\SeniorProjects\SP2020\DavidTo\Hardware Portfolio\ECU\Push_Pull_Drivers.SchDoc with RES from Altium Content Vault
Replace Part R119 RES in R:\SeniorProjects\SP2020\DavidTo\Hardware Portfolio\ECU\Push_Pull_Drivers.SchDoc with RES from Altium Content Vault
Replace Part R120 RES in R:\SeniorProjects\SP2020\DavidTo\Hardware Portfolio\ECU\Push_Pull_Drivers.SchDoc with RES from Altium Content Vault
Replace Part R121 RES in R:\SeniorProjects\SP2020\DavidTo\Hardware Portfolio\ECU\Push_Pull_Drivers.SchDoc with RES from Altium Content Vault
Replace Part R122 RES in R:\SeniorProjects\SP2020\DavidTo\Hardware Portfolio\ECU\Push_Pull_Drivers.SchDoc with RES from Altium Content Vault
Replace Part R123 RES in R:\SeniorProjects\SP2020\DavidTo\Hardware Portfolio\ECU\Push_Pull_Drivers.SchDoc with RES from Altium Content Vault
Replace Part R124 RES in R:\SeniorProjects\SP2020\DavidTo\Hardware Portfolio\ECU\Push_Pull_Drivers.SchDoc with RES from Altium Content Vault
Replace Part R125 RES in R:\SeniorProjects\SP2020\DavidTo\Hardware Portfolio\ECU\Push_Pull_Drivers.SchDoc with RES from Altium Content Vault
Replace Part R126 RES in R:\SeniorProjects\SP2020\DavidTo\Hardware Portfolio\ECU\Push_Pull_Drivers.SchDoc with RES from Altium Content Vault
Replace Part R127 RES in R:\SeniorProjects\SP2020\DavidTo\Hardware Portfolio\ECU\Push_Pull_Drivers.SchDoc with RES from Altium Content Vault
Replace Part R128 RES in R:\SeniorProjects\SP2020\DavidTo\Hardware Portfolio\ECU\Push_Pull_Drivers.SchDoc with RES from Altium Content Vault
Replace Part R129 RES in R:\SeniorProjects\SP2020\DavidTo\Hardware Portfolio\ECU\Push_Pull_Drivers.SchDoc with RES from Altium Content Vault
Replace Part R130 RES in R:\SeniorProjects\SP2020\DavidTo\Hardware Portfolio\ECU\Push_Pull_Drivers.SchDoc with RES from Altium Content Vault
Replace Part R131 RES in R:\SeniorProjects\SP2020\DavidTo\Hardware Portfolio\ECU\Push_Pull_Drivers.SchDoc with RES from Altium Content Vault
Replace Part R132 RES in R:\SeniorProjects\SP2020\DavidTo\Hardware Portfolio\ECU\Push_Pull_Drivers.SchDoc with RES from Altium Content Vault
Replace Part R133 RES in R:\SeniorProjects\SP2020\DavidTo\Hardware Portfolio\ECU\Push_Pull_Drivers.SchDoc with RES from Altium Content Vault
Replace Part TP23 TEST POINT in R:\SeniorProjects\SP2020\DavidTo\Hardware Portfolio\ECU\Push_Pull_Drivers.SchDoc with TEST POINT from WWUEE_SchematicLibrary.SchLib
Replace Part TP24 TEST POINT in R:\SeniorProjects\SP2020\DavidTo\Hardware Portfolio\ECU\Push_Pull_Drivers.SchDoc with TEST POINT from WWUEE_SchematicLibrary.SchLib
Replace Part TP25 TEST POINT in R:\SeniorProjects\SP2020\DavidTo\Hardware Portfolio\ECU\Push_Pull_Drivers.SchDoc with TEST POINT from WWUEE_SchematicLibrary.SchLib
Replace Part TP26 TEST POINT in R:\SeniorProjects\SP2020\DavidTo\Hardware Portfolio\ECU\Push_Pull_Drivers.SchDoc with TEST POINT from WWUEE_SchematicLibrary.SchLib
Replace Part TP27 TEST POINT in R:\SeniorProjects\SP2020\DavidTo\Hardware Portfolio\ECU\Push_Pull_Drivers.SchDoc with TEST POINT from WWUEE_SchematicLibrary.SchLib
Replace Part TP28 TEST POINT in R:\SeniorProjects\SP2020\DavidTo\Hardware Portfolio\ECU\Push_Pull_Drivers.SchDoc with TEST POINT from WWUEE_SchematicLibrary.SchLib
Replace Part TP29 TEST POINT in R:\SeniorProjects\SP2020\DavidTo\Hardware Portfolio\ECU\Push_Pull_Drivers.SchDoc with TEST POINT from WWUEE_SchematicLibrary.SchLib
Replace Part TP30 TEST POINT in R:\SeniorProjects\SP2020\DavidTo\Hardware Portfolio\ECU\Push_Pull_Drivers.SchDoc with TEST POINT from WWUEE_SchematicLibrary.SchLib
Replace Part U12 TC4424AVOA713 in R:\SeniorProjects\SP2020\DavidTo\Hardware Portfolio\ECU\Push_Pull_Drivers.SchDoc with TC4424AVOA713 from ECU.SchLib
Replace Part U13 TC4424AVOA713 in R:\SeniorProjects\SP2020\DavidTo\Hardware Portfolio\ECU\Push_Pull_Drivers.SchDoc with TC4424AVOA713 from ECU.SchLib
Replace Part U14 TC4424AVOA713 in R:\SeniorProjects\SP2020\DavidTo\Hardware Portfolio\ECU\Push_Pull_Drivers.SchDoc with TC4424AVOA713 from ECU.SchLib
Replace Part U15 TC4424AVOA713 in R:\SeniorProjects\SP2020\DavidTo\Hardware Portfolio\ECU\Push_Pull_Drivers.SchDoc with TC4424AVOA713 from ECU.SchLib
